<?xml version="1.0" encoding="UTF-8"?>
<!-- Generated by org.testng.reporters.JUnitReportReporter -->
<testsuite hostname="SDS-SARATH-KJ-MAC.Dlink" failures="0" tests="3" name="com.thoughworks.practice.pom_practice.AppTest3" time="0.000" errors="0" timestamp="08 Dec 2019 17:09:59 GMT" skipped="0">
  <testcase classname="com.thoughworks.practice.pom_practice.AppTest3" name="sub" time="0.000"/>
  <testcase classname="com.thoughworks.practice.pom_practice.AppTest3" name="div" time="0.000"/>
  <testcase classname="com.thoughworks.practice.pom_practice.AppTest3" name="sum" time="0.000"/>
</testsuite> <!-- com.thoughworks.practice.pom_practice.AppTest3 -->
